Edge colors: #04a001Edge colors: #04a001Edge colors: #07FF01Edge colors: #07FF01Edge colors: #04a001Edge colors: #04a001Edge colors: #012801Edge colors: #012801Edge colors: #012801Edge colors: #012801Edge colors: #012801Edge colors: #012801Edge colors: #012801Edge colors: #012801Edge colors: #012801Edge colors: #012801Edge colors: #012801Edge colors: #012801Edge colors: #012801Edge colors: #012801Generate graph:
 0 9 0 10 2 0 0 
18 0 0 17 18 7 0 
0 0 0 0 0 0 0 
0 0 0 0 0 0 13 
0 1 0 0 0 0 0 
0 0 0 0 0 0 0 
0 0 0 0 0 0 0 
Generate graph:
 0 0 0 4 9 0 0 
0 0 0 20 0 0 4 
0 0 0 20 0 11 0 
0 0 0 0 0 0 0 
0 16 0 0 0 0 0 
0 0 18 0 0 0 0 
12 0 5 0 0 0 0 
Generate graph:
 0 9 0 0 0 0 0 
0 0 0 15 0 0 0 
16 0 0 0 0 0 15 
0 0 20 0 0 0 14 
3 0 0 0 0 0 0 
0 0 0 11 3 0 0 
0 15 0 0 0 0 0 
Generate graph:
 0 1 0 0 0 0 2 
0 0 0 0 0 3 0 
0 16 0 0 0 0 0 
0 0 0 0 0 0 0 
0 0 0 17 0 0 0 
4 0 0 0 0 0 16 
0 0 0 0 0 0 0 
Generate graph:
 0 0 0 19 0 0 10 
0 0 0 0 0 0 0 
0 0 0 0 0 0 0 
0 3 13 0 4 0 0 
0 0 0 0 0 0 20 
0 0 0 0 20 0 0 
0 0 0 0 10 0 0 
Generate graph:
 0 0 0 0 0 6 0 
0 0 0 5 0 0 0 
0 3 0 0 0 0 16 
0 0 0 0 0 0 0 
0 0 13 0 0 0 0 
0 14 0 20 10 0 0 
0 0 0 0 0 9 0 
Generate graph:
 0 0 0 0 9 0 15 
0 0 0 0 0 0 0 
0 0 0 0 0 0 19 
0 0 0 0 0 0 19 
0 0 0 17 0 0 15 
0 0 17 0 0 0 1 
0 0 0 0 0 0 0 
Generate graph:
 0 5 0 0 0 0 0 
0 0 0 1 0 0 0 
0 0 0 0 16 0 0 
0 0 0 0 19 0 6 
0 0 0 0 0 0 0 
18 6 0 4 11 0 0 
0 0 0 0 0 0 0 
Generate graph:
 0 0 0 10 0 6 0 
0 0 0 0 0 0 11 
0 0 0 0 0 0 0 
13 0 0 0 0 11 0 
0 19 0 0 0 3 0 
0 16 4 0 0 0 0 
0 0 12 0 0 0 0 
Generate graph:
 0 15 0 0 0 9 0 
0 0 0 0 0 2 0 
0 19 0 0 0 0 5 
0 0 0 0 0 0 0 
0 13 0 0 0 0 0 
16 0 0 0 0 0 13 
0 0 0 1 0 5 0 
Generate graph:
 0 9 0 0 0 0 0 
11 0 10 0 0 9 0 
0 0 0 0 19 0 0 
0 12 0 0 0 0 0 
0 0 0 0 0 0 0 
17 0 0 0 0 0 2 
5 0 0 6 0 0 0 
Generate graph:
 0 5 0 0 0 18 0 
0 0 0 0 9 0 0 
4 0 0 0 0 0 4 
8 0 0 0 0 0 0 
0 0 0 0 0 0 10 
4 0 0 0 0 0 0 
0 0 1 0 0 0 0 
Generate graph:
 0 13 0 2 0 10 0 
0 0 0 0 0 6 0 
0 0 0 0 0 0 0 
0 0 0 0 2 13 0 
0 0 0 0 0 0 15 
0 0 19 0 0 0 8 
0 0 0 0 0 0 0 
Generate graph:
 0 20 0 0 0 0 7 
0 0 0 0 5 0 0 
0 0 0 0 0 0 17 
0 1 0 0 0 0 0 
0 0 2 0 0 0 8 
0 0 0 0 0 0 0 
0 10 0 0 0 0 0 
Generate graph:
 0 20 0 10 0 0 16 
0 0 0 0 0 0 0 
17 10 0 0 5 0 0 
0 0 0 0 14 0 0 
0 0 0 0 0 0 5 
0 0 9 0 0 0 8 
0 0 0 0 0 0 0 
Generate graph:
 0 0 0 0 8 17 0 
2 0 0 11 0 0 0 
0 0 0 0 0 0 0 
0 0 0 0 0 0 0 
7 0 0 0 0 5 0 
9 20 0 0 0 0 11 
0 0 0 0 0 0 0 
Generate graph:
 0 1 18 0 0 0 16 
0 0 0 0 0 0 0 
0 0 0 10 0 0 0 
0 0 0 0 0 7 18 
13 0 0 7 0 0 0 
0 0 5 0 0 0 12 
0 0 0 0 0 0 0 
Generate graph:
 0 0 0 20 0 0 13 
19 0 0 0 0 0 1 
4 0 0 0 0 0 0 
0 0 0 0 0 3 0 
0 0 0 2 0 0 0 
0 2 0 0 0 0 0 
0 0 0 0 0 0 0 
Edge colors: #012801Edge colors: #012801Edge colors: #07FF01Edge colors: #07FF01Edge colors: #012801Edge colors: #012801Edge colors: #07FF01Edge colors: #07FF01Edge colors: #012801Edge colors: #012801Edge colors: #05c801Edge colors: #05c801Edge colors: #012801Edge colors: #012801Edge colors: #07FF01Edge colors: #07FF01Edge colors: #012801Edge colors: #012801Edge colors: #07FF01Edge colors: #07FF01Edge colors: #012801Edge colors: #012801Edge colors: #07FF01Edge colors: #07FF01Edge colors: #012801Edge colors: #012801Edge colors: #037801Edge colors: #037801Edge colors: #012801Edge colors: #012801Edge colors: #04a001Edge colors: #04a001Edge colors: #012801Edge colors: #012801Edge colors: #07FF01Edge colors: #07FF01Edge colors: #07FF01Edge colors: #07FF01Edge colors: #037801Edge colors: #037801Edge colors: #04a001Edge colors: #04a001Edge colors: #012801Edge colors: #012801Edge colors: #07FF01Edge colors: #07FF01Edge colors: #012801Edge colors: #012801Edge colors: #07FF01Edge colors: #07FF01Edge colors: #05c801Edge colors: #05c801Edge colors: #07FF01Edge colors: #07FF01